This is pdfTeX, Version 3.14159265-2.6-1.40.18 (TeX Live 2017/Debian) (preloaded format=pdflatex 2020.4.19)  4 MAY 2020 20:38
entering extended mode
 restricted \write18 enabled.
 %&-line parsing enabled.
**ARCH_Lab_02.tex
(./ARCH_Lab_02.tex
LaTeX2e <2017-04-15>
Babel <3.18> and hyphenation patterns for 5 language(s) loaded.
(/usr/share/texlive/texmf-dist/tex/latex/base/article.cls
Document Class: article 2014/09/29 v1.4h Standard LaTeX document class
(/usr/share/texlive/texmf-dist/tex/latex/base/size11.clo
File: size11.clo 2014/09/29 v1.4h Standard LaTeX file (size option)
)
\c@part=\count79
\c@section=\count80
\c@subsection=\count81
\c@subsubsection=\count82
\c@paragraph=\count83
\c@subparagraph=\count84
\c@figure=\count85
\c@table=\count86
\abovecaptionskip=\skip41
\belowcaptionskip=\skip42
\bibindent=\dimen102
)
(/usr/share/texlive/texmf-dist/tex/latex/base/inputenc.sty
Package: inputenc 2015/03/17 v1.2c Input encoding file
\inpenc@prehook=\toks14
\inpenc@posthook=\toks15

(/usr/share/texlive/texmf-dist/tex/latex/base/utf8.def
File: utf8.def 2017/01/28 v1.1t UTF-8 support for inputenc
Now handling font encoding OML ...
... no UTF-8 mapping file for font encoding OML
Now handling font encoding T1 ...
... processing UTF-8 mapping file for font encoding T1

(/usr/share/texlive/texmf-dist/tex/latex/base/t1enc.dfu
File: t1enc.dfu 2017/01/28 v1.1t UTF-8 support for inputenc
   defining Unicode char U+00A0 (decimal 160)
   defining Unicode char U+00A1 (decimal 161)
   defining Unicode char U+00A3 (decimal 163)
   defining Unicode char U+00AB (decimal 171)
   defining Unicode char U+00AD (decimal 173)
   defining Unicode char U+00BB (decimal 187)
   defining Unicode char U+00BF (decimal 191)
   defining Unicode char U+00C0 (decimal 192)
   defining Unicode char U+00C1 (decimal 193)
   defining Unicode char U+00C2 (decimal 194)
   defining Unicode char U+00C3 (decimal 195)
   defining Unicode char U+00C4 (decimal 196)
   defining Unicode char U+00C5 (decimal 197)
   defining Unicode char U+00C6 (decimal 198)
   defining Unicode char U+00C7 (decimal 199)
   defining Unicode char U+00C8 (decimal 200)
   defining Unicode char U+00C9 (decimal 201)
   defining Unicode char U+00CA (decimal 202)
   defining Unicode char U+00CB (decimal 203)
   defining Unicode char U+00CC (decimal 204)
   defining Unicode char U+00CD (decimal 205)
   defining Unicode char U+00CE (decimal 206)
   defining Unicode char U+00CF (decimal 207)
   defining Unicode char U+00D0 (decimal 208)
   defining Unicode char U+00D1 (decimal 209)
   defining Unicode char U+00D2 (decimal 210)
   defining Unicode char U+00D3 (decimal 211)
   defining Unicode char U+00D4 (decimal 212)
   defining Unicode char U+00D5 (decimal 213)
   defining Unicode char U+00D6 (decimal 214)
   defining Unicode char U+00D8 (decimal 216)
   defining Unicode char U+00D9 (decimal 217)
   defining Unicode char U+00DA (decimal 218)
   defining Unicode char U+00DB (decimal 219)
   defining Unicode char U+00DC (decimal 220)
   defining Unicode char U+00DD (decimal 221)
   defining Unicode char U+00DE (decimal 222)
   defining Unicode char U+00DF (decimal 223)
   defining Unicode char U+00E0 (decimal 224)
   defining Unicode char U+00E1 (decimal 225)
   defining Unicode char U+00E2 (decimal 226)
   defining Unicode char U+00E3 (decimal 227)
   defining Unicode char U+00E4 (decimal 228)
   defining Unicode char U+00E5 (decimal 229)
   defining Unicode char U+00E6 (decimal 230)
   defining Unicode char U+00E7 (decimal 231)
   defining Unicode char U+00E8 (decimal 232)
   defining Unicode char U+00E9 (decimal 233)
   defining Unicode char U+00EA (decimal 234)
   defining Unicode char U+00EB (decimal 235)
   defining Unicode char U+00EC (decimal 236)
   defining Unicode char U+00ED (decimal 237)
   defining Unicode char U+00EE (decimal 238)
   defining Unicode char U+00EF (decimal 239)
   defining Unicode char U+00F0 (decimal 240)
   defining Unicode char U+00F1 (decimal 241)
   defining Unicode char U+00F2 (decimal 242)
   defining Unicode char U+00F3 (decimal 243)
   defining Unicode char U+00F4 (decimal 244)
   defining Unicode char U+00F5 (decimal 245)
   defining Unicode char U+00F6 (decimal 246)
   defining Unicode char U+00F8 (decimal 248)
   defining Unicode char U+00F9 (decimal 249)
   defining Unicode char U+00FA (decimal 250)
   defining Unicode char U+00FB (decimal 251)
   defining Unicode char U+00FC (decimal 252)
   defining Unicode char U+00FD (decimal 253)
   defining Unicode char U+00FE (decimal 254)
   defining Unicode char U+00FF (decimal 255)
   defining Unicode char U+0100 (decimal 256)
   defining Unicode char U+0101 (decimal 257)
   defining Unicode char U+0102 (decimal 258)
   defining Unicode char U+0103 (decimal 259)
   defining Unicode char U+0104 (decimal 260)
   defining Unicode char U+0105 (decimal 261)
   defining Unicode char U+0106 (decimal 262)
   defining Unicode char U+0107 (decimal 263)
   defining Unicode char U+0108 (decimal 264)
   defining Unicode char U+0109 (decimal 265)
   defining Unicode char U+010A (decimal 266)
   defining Unicode char U+010B (decimal 267)
   defining Unicode char U+010C (decimal 268)
   defining Unicode char U+010D (decimal 269)
   defining Unicode char U+010E (decimal 270)
   defining Unicode char U+010F (decimal 271)
   defining Unicode char U+0110 (decimal 272)
   defining Unicode char U+0111 (decimal 273)
   defining Unicode char U+0112 (decimal 274)
   defining Unicode char U+0113 (decimal 275)
   defining Unicode char U+0114 (decimal 276)
   defining Unicode char U+0115 (decimal 277)
   defining Unicode char U+0116 (decimal 278)
   defining Unicode char U+0117 (decimal 279)
   defining Unicode char U+0118 (decimal 280)
   defining Unicode char U+0119 (decimal 281)
   defining Unicode char U+011A (decimal 282)
   defining Unicode char U+011B (decimal 283)
   defining Unicode char U+011C (decimal 284)
   defining Unicode char U+011D (decimal 285)
   defining Unicode char U+011E (decimal 286)
   defining Unicode char U+011F (decimal 287)
   defining Unicode char U+0120 (decimal 288)
   defining Unicode char U+0121 (decimal 289)
   defining Unicode char U+0122 (decimal 290)
   defining Unicode char U+0123 (decimal 291)
   defining Unicode char U+0124 (decimal 292)
   defining Unicode char U+0125 (decimal 293)
   defining Unicode char U+0128 (decimal 296)
   defining Unicode char U+0129 (decimal 297)
   defining Unicode char U+012A (decimal 298)
   defining Unicode char U+012B (decimal 299)
   defining Unicode char U+012C (decimal 300)
   defining Unicode char U+012D (decimal 301)
   defining Unicode char U+012E (decimal 302)
   defining Unicode char U+012F (decimal 303)
   defining Unicode char U+0130 (decimal 304)
   defining Unicode char U+0131 (decimal 305)
   defining Unicode char U+0132 (decimal 306)
   defining Unicode char U+0133 (decimal 307)
   defining Unicode char U+0134 (decimal 308)
   defining Unicode char U+0135 (decimal 309)
   defining Unicode char U+0136 (decimal 310)
   defining Unicode char U+0137 (decimal 311)
   defining Unicode char U+0139 (decimal 313)
   defining Unicode char U+013A (decimal 314)
   defining Unicode char U+013B (decimal 315)
   defining Unicode char U+013C (decimal 316)
   defining Unicode char U+013D (decimal 317)
   defining Unicode char U+013E (decimal 318)
   defining Unicode char U+0141 (decimal 321)
   defining Unicode char U+0142 (decimal 322)
   defining Unicode char U+0143 (decimal 323)
   defining Unicode char U+0144 (decimal 324)
   defining Unicode char U+0145 (decimal 325)
   defining Unicode char U+0146 (decimal 326)
   defining Unicode char U+0147 (decimal 327)
   defining Unicode char U+0148 (decimal 328)
   defining Unicode char U+014A (decimal 330)
   defining Unicode char U+014B (decimal 331)
   defining Unicode char U+014C (decimal 332)
   defining Unicode char U+014D (decimal 333)
   defining Unicode char U+014E (decimal 334)
   defining Unicode char U+014F (decimal 335)
   defining Unicode char U+0150 (decimal 336)
   defining Unicode char U+0151 (decimal 337)
   defining Unicode char U+0152 (decimal 338)
   defining Unicode char U+0153 (decimal 339)
   defining Unicode char U+0154 (decimal 340)
   defining Unicode char U+0155 (decimal 341)
   defining Unicode char U+0156 (decimal 342)
   defining Unicode char U+0157 (decimal 343)
   defining Unicode char U+0158 (decimal 344)
   defining Unicode char U+0159 (decimal 345)
   defining Unicode char U+015A (decimal 346)
   defining Unicode char U+015B (decimal 347)
   defining Unicode char U+015C (decimal 348)
   defining Unicode char U+015D (decimal 349)
   defining Unicode char U+015E (decimal 350)
   defining Unicode char U+015F (decimal 351)
   defining Unicode char U+0160 (decimal 352)
   defining Unicode char U+0161 (decimal 353)
   defining Unicode char U+0162 (decimal 354)
   defining Unicode char U+0163 (decimal 355)
   defining Unicode char U+0164 (decimal 356)
   defining Unicode char U+0165 (decimal 357)
   defining Unicode char U+0168 (decimal 360)
   defining Unicode char U+0169 (decimal 361)
   defining Unicode char U+016A (decimal 362)
   defining Unicode char U+016B (decimal 363)
   defining Unicode char U+016C (decimal 364)
   defining Unicode char U+016D (decimal 365)
   defining Unicode char U+016E (decimal 366)
   defining Unicode char U+016F (decimal 367)
   defining Unicode char U+0170 (decimal 368)
   defining Unicode char U+0171 (decimal 369)
   defining Unicode char U+0172 (decimal 370)
   defining Unicode char U+0173 (decimal 371)
   defining Unicode char U+0174 (decimal 372)
   defining Unicode char U+0175 (decimal 373)
   defining Unicode char U+0176 (decimal 374)
   defining Unicode char U+0177 (decimal 375)
   defining Unicode char U+0178 (decimal 376)
   defining Unicode char U+0179 (decimal 377)
   defining Unicode char U+017A (decimal 378)
   defining Unicode char U+017B (decimal 379)
   defining Unicode char U+017C (decimal 380)
   defining Unicode char U+017D (decimal 381)
   defining Unicode char U+017E (decimal 382)
   defining Unicode char U+01CD (decimal 461)
   defining Unicode char U+01CE (decimal 462)
   defining Unicode char U+01CF (decimal 463)
   defining Unicode char U+01D0 (decimal 464)
   defining Unicode char U+01D1 (decimal 465)
   defining Unicode char U+01D2 (decimal 466)
   defining Unicode char U+01D3 (decimal 467)
   defining Unicode char U+01D4 (decimal 468)
   defining Unicode char U+01E2 (decimal 482)
   defining Unicode char U+01E3 (decimal 483)
   defining Unicode char U+01E6 (decimal 486)
   defining Unicode char U+01E7 (decimal 487)
   defining Unicode char U+01E8 (decimal 488)
   defining Unicode char U+01E9 (decimal 489)
   defining Unicode char U+01EA (decimal 490)
   defining Unicode char U+01EB (decimal 491)
   defining Unicode char U+01F0 (decimal 496)
   defining Unicode char U+01F4 (decimal 500)
   defining Unicode char U+01F5 (decimal 501)
   defining Unicode char U+0218 (decimal 536)
   defining Unicode char U+0219 (decimal 537)
   defining Unicode char U+021A (decimal 538)
   defining Unicode char U+021B (decimal 539)
   defining Unicode char U+0232 (decimal 562)
   defining Unicode char U+0233 (decimal 563)
   defining Unicode char U+1E02 (decimal 7682)
   defining Unicode char U+1E03 (decimal 7683)
   defining Unicode char U+200C (decimal 8204)
   defining Unicode char U+2010 (decimal 8208)
   defining Unicode char U+2011 (decimal 8209)
   defining Unicode char U+2012 (decimal 8210)
   defining Unicode char U+2013 (decimal 8211)
   defining Unicode char U+2014 (decimal 8212)
   defining Unicode char U+2015 (decimal 8213)
   defining Unicode char U+2018 (decimal 8216)
   defining Unicode char U+2019 (decimal 8217)
   defining Unicode char U+201A (decimal 8218)
   defining Unicode char U+201C (decimal 8220)
   defining Unicode char U+201D (decimal 8221)
   defining Unicode char U+201E (decimal 8222)
   defining Unicode char U+2030 (decimal 8240)
   defining Unicode char U+2031 (decimal 8241)
   defining Unicode char U+2039 (decimal 8249)
   defining Unicode char U+203A (decimal 8250)
   defining Unicode char U+2423 (decimal 9251)
   defining Unicode char U+1E20 (decimal 7712)
   defining Unicode char U+1E21 (decimal 7713)
)
Now handling font encoding OT1 ...
... processing UTF-8 mapping file for font encoding OT1

(/usr/share/texlive/texmf-dist/tex/latex/base/ot1enc.dfu
File: ot1enc.dfu 2017/01/28 v1.1t UTF-8 support for inputenc
   defining Unicode char U+00A0 (decimal 160)
   defining Unicode char U+00A1 (decimal 161)
   defining Unicode char U+00A3 (decimal 163)
   defining Unicode char U+00AD (decimal 173)
   defining Unicode char U+00B8 (decimal 184)
   defining Unicode char U+00BF (decimal 191)
   defining Unicode char U+00C5 (decimal 197)
   defining Unicode char U+00C6 (decimal 198)
   defining Unicode char U+00D8 (decimal 216)
   defining Unicode char U+00DF (decimal 223)
   defining Unicode char U+00E6 (decimal 230)
   defining Unicode char U+00EC (decimal 236)
   defining Unicode char U+00ED (decimal 237)
   defining Unicode char U+00EE (decimal 238)
   defining Unicode char U+00EF (decimal 239)
   defining Unicode char U+00F8 (decimal 248)
   defining Unicode char U+0131 (decimal 305)
   defining Unicode char U+0141 (decimal 321)
   defining Unicode char U+0142 (decimal 322)
   defining Unicode char U+0152 (decimal 338)
   defining Unicode char U+0153 (decimal 339)
   defining Unicode char U+0174 (decimal 372)
   defining Unicode char U+0175 (decimal 373)
   defining Unicode char U+0176 (decimal 374)
   defining Unicode char U+0177 (decimal 375)
   defining Unicode char U+0218 (decimal 536)
   defining Unicode char U+0219 (decimal 537)
   defining Unicode char U+021A (decimal 538)
   defining Unicode char U+021B (decimal 539)
   defining Unicode char U+2013 (decimal 8211)
   defining Unicode char U+2014 (decimal 8212)
   defining Unicode char U+2018 (decimal 8216)
   defining Unicode char U+2019 (decimal 8217)
   defining Unicode char U+201C (decimal 8220)
   defining Unicode char U+201D (decimal 8221)
)
Now handling font encoding OMS ...
... processing UTF-8 mapping file for font encoding OMS

(/usr/share/texlive/texmf-dist/tex/latex/base/omsenc.dfu
File: omsenc.dfu 2017/01/28 v1.1t UTF-8 support for inputenc
   defining Unicode char U+00A7 (decimal 167)
   defining Unicode char U+00B6 (decimal 182)
   defining Unicode char U+00B7 (decimal 183)
   defining Unicode char U+2020 (decimal 8224)
   defining Unicode char U+2021 (decimal 8225)
   defining Unicode char U+2022 (decimal 8226)
)
Now handling font encoding OMX ...
... no UTF-8 mapping file for font encoding OMX
Now handling font encoding U ...
... no UTF-8 mapping file for font encoding U
   defining Unicode char U+00A9 (decimal 169)
   defining Unicode char U+00AA (decimal 170)
   defining Unicode char U+00AE (decimal 174)
   defining Unicode char U+00BA (decimal 186)
   defining Unicode char U+02C6 (decimal 710)
   defining Unicode char U+02DC (decimal 732)
   defining Unicode char U+200C (decimal 8204)
   defining Unicode char U+2026 (decimal 8230)
   defining Unicode char U+2122 (decimal 8482)
   defining Unicode char U+2423 (decimal 9251)
))
(/usr/share/texlive/texmf-dist/tex/latex/amsmath/amsmath.sty
Package: amsmath 2017/09/02 v2.17a AMS math features
\@mathmargin=\skip43

For additional information on amsmath, use the `?' option.
(/usr/share/texlive/texmf-dist/tex/latex/amsmath/amstext.sty
Package: amstext 2000/06/29 v2.01 AMS text

(/usr/share/texlive/texmf-dist/tex/latex/amsmath/amsgen.sty
File: amsgen.sty 1999/11/30 v2.0 generic functions
\@emptytoks=\toks16
\ex@=\dimen103
))
(/usr/share/texlive/texmf-dist/tex/latex/amsmath/amsbsy.sty
Package: amsbsy 1999/11/29 v1.2d Bold Symbols
\pmbraise@=\dimen104
)
(/usr/share/texlive/texmf-dist/tex/latex/amsmath/amsopn.sty
Package: amsopn 2016/03/08 v2.02 operator names
)
\inf@bad=\count87
LaTeX Info: Redefining \frac on input line 213.
\uproot@=\count88
\leftroot@=\count89
LaTeX Info: Redefining \overline on input line 375.
\classnum@=\count90
\DOTSCASE@=\count91
LaTeX Info: Redefining \ldots on input line 472.
LaTeX Info: Redefining \dots on input line 475.
LaTeX Info: Redefining \cdots on input line 596.
\Mathstrutbox@=\box26
\strutbox@=\box27
\big@size=\dimen105
LaTeX Font Info:    Redeclaring font encoding OML on input line 712.
LaTeX Font Info:    Redeclaring font encoding OMS on input line 713.
\macc@depth=\count92
\c@MaxMatrixCols=\count93
\dotsspace@=\muskip10
\c@parentequation=\count94
\dspbrk@lvl=\count95
\tag@help=\toks17
\row@=\count96
\column@=\count97
\maxfields@=\count98
\andhelp@=\toks18
\eqnshift@=\dimen106
\alignsep@=\dimen107
\tagshift@=\dimen108
\tagwidth@=\dimen109
\totwidth@=\dimen110
\lineht@=\dimen111
\@envbody=\toks19
\multlinegap=\skip44
\multlinetaggap=\skip45
\mathdisplay@stack=\toks20
LaTeX Info: Redefining \[ on input line 2817.
LaTeX Info: Redefining \] on input line 2818.
)
(/usr/share/texlive/texmf-dist/tex/latex/amsfonts/amsfonts.sty
Package: amsfonts 2013/01/14 v3.01 Basic AMSFonts support
\symAMSa=\mathgroup4
\symAMSb=\mathgroup5
LaTeX Font Info:    Overwriting math alphabet `\mathfrak' in version `bold'
(Font)                  U/euf/m/n --> U/euf/b/n on input line 106.
)
(/usr/share/texlive/texmf-dist/tex/latex/amsfonts/amssymb.sty
Package: amssymb 2013/01/14 v3.01 AMS font symbols
)
(/usr/share/texlive/texmf-dist/tex/latex/tools/enumerate.sty
Package: enumerate 2015/07/23 v3.00 enumerate extensions (DPC)
\@enLab=\toks21
)
(/usr/share/texlive/texmf-dist/tex/latex/graphics/graphicx.sty
Package: graphicx 2017/06/01 v1.1a Enhanced LaTeX Graphics (DPC,SPQR)

(/usr/share/texlive/texmf-dist/tex/latex/graphics/keyval.sty
Package: keyval 2014/10/28 v1.15 key=value parser (DPC)
\KV@toks@=\toks22
)
(/usr/share/texlive/texmf-dist/tex/latex/graphics/graphics.sty
Package: graphics 2017/06/25 v1.2c Standard LaTeX Graphics (DPC,SPQR)

(/usr/share/texlive/texmf-dist/tex/latex/graphics/trig.sty
Package: trig 2016/01/03 v1.10 sin cos tan (DPC)
)
(/usr/share/texlive/texmf-dist/tex/latex/graphics-cfg/graphics.cfg
File: graphics.cfg 2016/06/04 v1.11 sample graphics configuration
)
Package graphics Info: Driver file: pdftex.def on input line 99.

(/usr/share/texlive/texmf-dist/tex/latex/graphics-def/pdftex.def
File: pdftex.def 2018/01/08 v1.0l Graphics/color driver for pdftex
))
\Gin@req@height=\dimen112
\Gin@req@width=\dimen113
)
(/usr/share/texlive/texmf-dist/tex/latex/enumitem/enumitem.sty
Package: enumitem 2011/09/28 v3.5.2 Customized lists
\labelindent=\skip46
\enit@outerparindent=\dimen114
\enit@toks=\toks23
\enit@inbox=\box28
\enitdp@description=\count99
)
(./ARCH_Lab_02.aux)
\openout1 = `ARCH_Lab_02.aux'.

LaTeX Font Info:    Checking defaults for OML/cmm/m/it on input line 16.
LaTeX Font Info:    ... okay on input line 16.
LaTeX Font Info:    Checking defaults for T1/cmr/m/n on input line 16.
LaTeX Font Info:    ... okay on input line 16.
LaTeX Font Info:    Checking defaults for OT1/cmr/m/n on input line 16.
LaTeX Font Info:    ... okay on input line 16.
LaTeX Font Info:    Checking defaults for OMS/cmsy/m/n on input line 16.
LaTeX Font Info:    ... okay on input line 16.
LaTeX Font Info:    Checking defaults for OMX/cmex/m/n on input line 16.
LaTeX Font Info:    ... okay on input line 16.
LaTeX Font Info:    Checking defaults for U/cmr/m/n on input line 16.
LaTeX Font Info:    ... okay on input line 16.

(/usr/share/texlive/texmf-dist/tex/context/base/mkii/supp-pdf.mkii
[Loading MPS to PDF converter (version 2006.09.02).]
\scratchcounter=\count100
\scratchdimen=\dimen115
\scratchbox=\box29
\nofMPsegments=\count101
\nofMParguments=\count102
\everyMPshowfont=\toks24
\MPscratchCnt=\count103
\MPscratchDim=\dimen116
\MPnumerator=\count104
\makeMPintoPDFobject=\count105
\everyMPtoPDFconversion=\toks25
) (/usr/share/texlive/texmf-dist/tex/latex/oberdiek/epstopdf-base.sty
Package: epstopdf-base 2016/05/15 v2.6 Base part for package epstopdf

(/usr/share/texlive/texmf-dist/tex/generic/oberdiek/infwarerr.sty
Package: infwarerr 2016/05/16 v1.4 Providing info/warning/error messages (HO)
)
(/usr/share/texlive/texmf-dist/tex/latex/oberdiek/grfext.sty
Package: grfext 2016/05/16 v1.2 Manage graphics extensions (HO)

(/usr/share/texlive/texmf-dist/tex/generic/oberdiek/kvdefinekeys.sty
Package: kvdefinekeys 2016/05/16 v1.4 Define keys (HO)

(/usr/share/texlive/texmf-dist/tex/generic/oberdiek/ltxcmds.sty
Package: ltxcmds 2016/05/16 v1.23 LaTeX kernel commands for general use (HO)
)))
(/usr/share/texlive/texmf-dist/tex/latex/oberdiek/kvoptions.sty
Package: kvoptions 2016/05/16 v3.12 Key value format for package options (HO)

(/usr/share/texlive/texmf-dist/tex/generic/oberdiek/kvsetkeys.sty
Package: kvsetkeys 2016/05/16 v1.17 Key value parser (HO)

(/usr/share/texlive/texmf-dist/tex/generic/oberdiek/etexcmds.sty
Package: etexcmds 2016/05/16 v1.6 Avoid name clashes with e-TeX commands (HO)

(/usr/share/texlive/texmf-dist/tex/generic/oberdiek/ifluatex.sty
Package: ifluatex 2016/05/16 v1.4 Provides the ifluatex switch (HO)
Package ifluatex Info: LuaTeX not detected.
)
Package etexcmds Info: Could not find \expanded.
(etexcmds)             That can mean that you are not using pdfTeX 1.50 or
(etexcmds)             that some package has redefined \expanded.
(etexcmds)             In the latter case, load this package earlier.
)))
(/usr/share/texlive/texmf-dist/tex/generic/oberdiek/pdftexcmds.sty
Package: pdftexcmds 2018/01/21 v0.26 Utility functions of pdfTeX for LuaTeX (HO
)

(/usr/share/texlive/texmf-dist/tex/generic/oberdiek/ifpdf.sty
Package: ifpdf 2017/03/15 v3.2 Provides the ifpdf switch
)
Package pdftexcmds Info: LuaTeX not detected.
Package pdftexcmds Info: \pdf@primitive is available.
Package pdftexcmds Info: \pdf@ifprimitive is available.
Package pdftexcmds Info: \pdfdraftmode found.
)
Package epstopdf-base Info: Redefining graphics rule for `.eps' on input line 4
38.
Package grfext Info: Graphics extension search list:
(grfext)             [.pdf,.png,.jpg,.mps,.jpeg,.jbig2,.jb2,.PDF,.PNG,.JPG,.JPE
G,.JBIG2,.JB2,.eps]
(grfext)             \AppendGraphicsExtensions on input line 456.

(/usr/share/texlive/texmf-dist/tex/latex/latexconfig/epstopdf-sys.cfg
File: epstopdf-sys.cfg 2010/07/13 v1.3 Configuration of (r)epstopdf for TeX Liv
e
))
LaTeX Font Info:    Try loading font information for U+msa on input line 17.

(/usr/share/texlive/texmf-dist/tex/latex/amsfonts/umsa.fd
File: umsa.fd 2013/01/14 v3.01 AMS symbols A
)
LaTeX Font Info:    Try loading font information for U+msb on input line 17.

(/usr/share/texlive/texmf-dist/tex/latex/amsfonts/umsb.fd
File: umsb.fd 2013/01/14 v3.01 AMS symbols B
)
<16_2x1MUX_1.png, id=1, 266.9975pt x 178.6675pt>
File: 16_2x1MUX_1.png Graphic file (type png)
<use 16_2x1MUX_1.png>
Package pdftex.def Info: 16_2x1MUX_1.png  used on input line 26.
(pdftex.def)             Requested size: 160.19972pt x 107.20131pt.

Overfull \hbox (0.30492pt too wide) in paragraph at lines 23--28
[]\OT1/cmr/m/n/10.95 Implementaci^^Son de un 2-to-1 MUX de 16-bits. La im-ple-m
entaci^^Son
 []

[1

{/var/lib/texmf/fonts/map/pdftex/updmap/pdftex.map} <./16_2x1MUX_1.png>]
<16_2x1MUX_2.png, id=16, 579.16376pt x 462.72874pt>
File: 16_2x1MUX_2.png Graphic file (type png)
<use 16_2x1MUX_2.png>
Package pdftex.def Info: 16_2x1MUX_2.png  used on input line 34.
(pdftex.def)             Requested size: 202.71034pt x 161.95749pt.
<16_2x1MUX_3.png, id=17, 1465.475pt x 478.78876pt>
File: 16_2x1MUX_3.png Graphic file (type png)
<use 16_2x1MUX_3.png>
Package pdftex.def Info: 16_2x1MUX_3.png  used on input line 41.
(pdftex.def)             Requested size: 293.08981pt x 95.75604pt.
<16_2x1MUX_4.png, id=18, 828.09375pt x 143.53625pt>
File: 16_2x1MUX_4.png Graphic file (type png)
<use 16_2x1MUX_4.png>
Package pdftex.def Info: 16_2x1MUX_4.png  used on input line 46.
(pdftex.def)             Requested size: 331.23163pt x 57.41347pt.
<mux8x1diagram.png, id=19, 401.5pt x 401.5pt>
File: mux8x1diagram.png Graphic file (type png)
<use mux8x1diagram.png>
Package pdftex.def Info: mux8x1diagram.png  used on input line 53.
(pdftex.def)             Requested size: 200.7495pt x 200.7495pt.

[2 <./16_2x1MUX_2.png> <./16_2x1MUX_3.png> <./16_2x1MUX_4.png>]
<16_8x1MUX_3.png, id=26, 242.9075pt x 89.33376pt>
File: 16_8x1MUX_3.png Graphic file (type png)
<use 16_8x1MUX_3.png>
Package pdftex.def Info: 16_8x1MUX_3.png  used on input line 59.
(pdftex.def)             Requested size: 121.45345pt x 44.66676pt.
<16_8x1MUX_2.png, id=27, 371.3875pt x 149.55875pt>
File: 16_8x1MUX_2.png Graphic file (type png)
<use 16_8x1MUX_2.png>
Package pdftex.def Info: 16_8x1MUX_2.png  used on input line 65.
(pdftex.def)             Requested size: 185.69328pt x 74.77919pt.
<16_8x1MUX_1.png, id=28, 440.64626pt x 103.38625pt>
File: 16_8x1MUX_1.png Graphic file (type png)
<use 16_8x1MUX_1.png>
Package pdftex.def Info: 16_8x1MUX_1.png  used on input line 72.
(pdftex.def)             Requested size: 308.45027pt x 72.36987pt.

Overfull \hbox (1.01588pt too wide) in paragraph at lines 68--74
[]\OT1/cmr/m/n/10.95 Todos los \OT1/cmr/m/it/10.95 wire out-puts \OT1/cmr/m/n/1
0.95 pre-vios se jun-tan en un ^^Sunico or de $8\OML/cmm/m/it/10.95 inputs$\OT1
/cmr/m/n/10.95 .
 []

[3 <./mux8x1diagram.png> <./16_8x1MUX_3.png> <./16_8x1MUX_2.png>]
<16_8x1MUX_4.png, id=35, 602.25pt x 382.42876pt>
File: 16_8x1MUX_4.png Graphic file (type png)
<use 16_8x1MUX_4.png>
Package pdftex.def Info: 16_8x1MUX_4.png  used on input line 78.
(pdftex.def)             Requested size: 240.89572pt x 152.96878pt.
<16_8x1MUX_5.png, id=36, 953.5625pt x 594.22pt>
File: 16_8x1MUX_5.png Graphic file (type png)
<use 16_8x1MUX_5.png>
Package pdftex.def Info: 16_8x1MUX_5.png  used on input line 84.
(pdftex.def)             Requested size: 333.75188pt x 207.98012pt.
<16_8x1MUX_61.png, id=37, 854.19125pt x 172.645pt>
File: 16_8x1MUX_61.png Graphic file (type png)
<use 16_8x1MUX_61.png>
Package pdftex.def Info: 16_8x1MUX_61.png  used on input line 90.
(pdftex.def)             Requested size: 324.59605pt x 65.60577pt.
<16_8x1MUX_62.png, id=38, 812.03375pt x 180.675pt>
File: 16_8x1MUX_62.png Graphic file (type png)
<use 16_8x1MUX_62.png>
Package pdftex.def Info: 16_8x1MUX_62.png  used on input line 94.
(pdftex.def)             Requested size: 324.80774pt x 72.2687pt.


LaTeX Warning: `!h' float specifier changed to `!ht'.


LaTeX Warning: `!h' float specifier changed to `!ht'.

<16_8x1MUX_7.png, id=39, 634.37pt x 310.15875pt>
File: 16_8x1MUX_7.png Graphic file (type png)
<use 16_8x1MUX_7.png>
Package pdftex.def Info: 16_8x1MUX_7.png  used on input line 100.
(pdftex.def)             Requested size: 285.46385pt x 139.57014pt.
[4 <./16_8x1MUX_1.png> <./16_8x1MUX_4.png> <./16_8x1MUX_5.png>]
<16_16x1MUX_3.png, id=47, 246.9225pt x 113.42375pt>
File: 16_16x1MUX_3.png Graphic file (type png)
<use 16_16x1MUX_3.png>
Package pdftex.def Info: 16_16x1MUX_3.png  used on input line 107.
(pdftex.def)             Requested size: 123.46094pt x 56.71173pt.
<16_16x1MUX_2.png, id=48, 371.3875pt x 154.5775pt>
File: 16_16x1MUX_2.png Graphic file (type png)
<use 16_16x1MUX_2.png>
Package pdftex.def Info: 16_16x1MUX_2.png  used on input line 114.
(pdftex.def)             Requested size: 259.96947pt x 108.20349pt.
 [5 <./16_8x1MUX_61.png> <./16_8x1MUX_62.png> <./16_8x1MUX_7.png> <./16_16x1MUX
_3.png>]
<16_16x1MUX_1.png, id=56, 671.50874pt x 112.42pt>
File: 16_16x1MUX_1.png Graphic file (type png)
<use 16_16x1MUX_1.png>
Package pdftex.def Info: 16_16x1MUX_1.png  used on input line 121.
(pdftex.def)             Requested size: 268.59874pt x 44.9672pt.
<16_16x1MUX_4.png, id=57, 966.61125pt x 555.07375pt>
File: 16_16x1MUX_4.png Graphic file (type png)
<use 16_16x1MUX_4.png>
Package pdftex.def Info: 16_16x1MUX_4.png  used on input line 127.
(pdftex.def)             Requested size: 386.63765pt x 222.02556pt.

Overfull \hbox (26.63765pt too wide) in paragraph at lines 127--128
 [][] 
 []

<16_16x1MUX_5.png, id=58, 916.42375pt x 822.07124pt>
File: 16_16x1MUX_5.png Graphic file (type png)
<use 16_16x1MUX_5.png>
Package pdftex.def Info: 16_16x1MUX_5.png  used on input line 134.
(pdftex.def)             Requested size: 366.563pt x 328.82266pt.

Overfull \hbox (6.563pt too wide) in paragraph at lines 134--135
 [][] 
 []

[6 <./16_16x1MUX_2.png> <./16_16x1MUX_1.png> <./16_16x1MUX_4.png>]
<16_16x1MUX_61.png, id=65, 489.83pt x 175.65625pt>
File: 16_16x1MUX_61.png Graphic file (type png)
<use 16_16x1MUX_61.png>
Package pdftex.def Info: 16_16x1MUX_61.png  used on input line 140.
(pdftex.def)             Requested size: 342.87866pt x 122.95853pt.
 [7 <./16_16x1MUX_5.png> <./16_16x1MUX_61.png>]
<16_16x1MUX_62.png, id=72, 471.7625pt x 183.68625pt>
File: 16_16x1MUX_62.png Graphic file (type png)
<use 16_16x1MUX_62.png>
Package pdftex.def Info: 16_16x1MUX_62.png  used on input line 146.
(pdftex.def)             Requested size: 330.23149pt x 128.57947pt.
<16_16x1MUX_63.png, id=73, 461.725pt x 188.705pt>
File: 16_16x1MUX_63.png Graphic file (type png)
<use 16_16x1MUX_63.png>
Package pdftex.def Info: 16_16x1MUX_63.png  used on input line 151.
(pdftex.def)             Requested size: 323.20529pt x 132.09259pt.
<16_16x1MUX_64.png, id=74, 224.84pt x 178.6675pt>
File: 16_16x1MUX_64.png Graphic file (type png)
<use 16_16x1MUX_64.png>
Package pdftex.def Info: 16_16x1MUX_64.png  used on input line 156.
(pdftex.def)             Requested size: 157.38692pt x 125.06639pt.
 [8 <./16_16x1MUX_62.png> <./16_16x1MUX_63.png> <./16_16x1MUX_64.png>]
<16_16x1MUX_7.png, id=81, 1173.38374pt x 503.8825pt>
File: 16_16x1MUX_7.png Graphic file (type png)
<use 16_16x1MUX_7.png>
Package pdftex.def Info: 16_16x1MUX_7.png  used on input line 162.
(pdftex.def)             Requested size: 352.01784pt x 151.16591pt.
<16_1x2DEMUX_1.png, id=82, 394.47375pt x 156.585pt>
File: 16_1x2DEMUX_1.png Graphic file (type png)
<use 16_1x2DEMUX_1.png>
Package pdftex.def Info: 16_1x2DEMUX_1.png  used on input line 171.
(pdftex.def)             Requested size: 197.23639pt x 78.2923pt.
<16_1x2DEMUX_2.png, id=83, 600.2425pt x 418.56375pt>
File: 16_1x2DEMUX_2.png Graphic file (type png)
<use 16_1x2DEMUX_2.png>
Package pdftex.def Info: 16_1x2DEMUX_2.png  used on input line 178.
(pdftex.def)             Requested size: 240.09274pt x 167.42252pt.
 [9 <./16_16x1MUX_7.png> <./16_1x2DEMUX_1.png>]
<16_1x2DEMUX_3.png, id=90, 1452.42625pt x 336.25626pt>
File: 16_1x2DEMUX_3.png Graphic file (type png)
<use 16_1x2DEMUX_3.png>
Package pdftex.def Info: 16_1x2DEMUX_3.png  used on input line 184.
(pdftex.def)             Requested size: 363.10567pt x 84.06386pt.

Overfull \hbox (3.10567pt too wide) in paragraph at lines 184--185
 [][] 
 []

<16_1x2DEMUX_4.png, id=91, 784.9325pt x 129.48375pt>
File: 16_1x2DEMUX_4.png Graphic file (type png)
<use 16_1x2DEMUX_4.png>
Package pdftex.def Info: 16_1x2DEMUX_4.png  used on input line 190.
(pdftex.def)             Requested size: 392.46529pt x 64.7417pt.

Overfull \hbox (32.46529pt too wide) in paragraph at lines 190--191
 [][] 
 []

<16_1x8DEMUX_1.png, id=92, 529.98pt x 239.89626pt>
File: 16_1x8DEMUX_1.png Graphic file (type png)
<use 16_1x8DEMUX_1.png>
Package pdftex.def Info: 16_1x8DEMUX_1.png  used on input line 196.
(pdftex.def)             Requested size: 264.98933pt x 119.94783pt.
[10 <./16_1x2DEMUX_2.png> <./16_1x2DEMUX_3.png> <./16_1x2DEMUX_4.png>]
<16_1x8DEMUX_2.png, id=99, 1064.97874pt x 416.55624pt>
File: 16_1x8DEMUX_2.png Graphic file (type png)
<use 16_1x8DEMUX_2.png>
Package pdftex.def Info: 16_1x8DEMUX_2.png  used on input line 202.
(pdftex.def)             Requested size: 372.74814pt x 145.79686pt.

Overfull \hbox (12.74814pt too wide) in paragraph at lines 202--203
 [][] 
 []

<16_1x8DEMUX_31.png, id=100, 762.85pt x 170.6375pt>
File: 16_1x8DEMUX_31.png Graphic file (type png)
<use 16_1x8DEMUX_31.png>
Package pdftex.def Info: 16_1x8DEMUX_31.png  used on input line 208.
(pdftex.def)             Requested size: 305.1346pt x 68.25378pt.
<16_1x8DEMUX_32.png, id=101, 795.97375pt x 172.645pt>
File: 16_1x8DEMUX_32.png Graphic file (type png)
<use 16_1x8DEMUX_32.png>
Package pdftex.def Info: 16_1x8DEMUX_32.png  used on input line 212.
(pdftex.def)             Requested size: 318.38387pt x 69.05676pt.
[11 <./16_1x8DEMUX_1.png> <./16_1x8DEMUX_2.png> <./16_1x8DEMUX_31.png> <./16_1x
8DEMUX_32.png>]
<16_1x8DEMUX_4.png, id=109, 971.63pt x 322.20375pt>
File: 16_1x8DEMUX_4.png Graphic file (type png)
<use 16_1x8DEMUX_4.png>
Package pdftex.def Info: 16_1x8DEMUX_4.png  used on input line 219.
(pdftex.def)             Requested size: 340.07559pt x 112.773pt.
<16_1x16DEMUX_1.png, id=110, 810.02625pt x 389.455pt>
File: 16_1x16DEMUX_1.png Graphic file (type png)
<use 16_1x16DEMUX_1.png>
Package pdftex.def Info: 16_1x16DEMUX_1.png  used on input line 224.
(pdftex.def)             Requested size: 283.51343pt x 136.31128pt.
<16_1x16DEMUX_2.png, id=111, 1628.0825pt x 454.69875pt>
File: 16_1x16DEMUX_2.png Graphic file (type png)
<use 16_1x16DEMUX_2.png>
Package pdftex.def Info: 16_1x16DEMUX_2.png  used on input line 230.
(pdftex.def)             Requested size: 407.01962pt x 113.67441pt.

Overfull \hbox (47.01962pt too wide) in paragraph at lines 230--231
 [][] 
 []

<16_1x16DEMUX_31.png, id=112, 422.57875pt x 174.6525pt>
File: 16_1x16DEMUX_31.png Graphic file (type png)
<use 16_1x16DEMUX_31.png>
Package pdftex.def Info: 16_1x16DEMUX_31.png  used on input line 236.
(pdftex.def)             Requested size: 253.5492pt x 104.7923pt.
<16_1x16DEMUX_32.png, id=113, 462.72874pt x 178.6675pt>
File: 16_1x16DEMUX_32.png Graphic file (type png)
<use 16_1x16DEMUX_32.png>
Package pdftex.def Info: 16_1x16DEMUX_32.png  used on input line 240.
(pdftex.def)             Requested size: 277.63939pt x 107.20131pt.
<16_1x16DEMUX_33.png, id=114, 364.36125pt x 179.67125pt>
File: 16_1x16DEMUX_33.png Graphic file (type png)
<use 16_1x16DEMUX_33.png>
Package pdftex.def Info: 16_1x16DEMUX_33.png  used on input line 244.
(pdftex.def)             Requested size: 218.61842pt x 107.80356pt.
<16_1x16DEMUX_34.png, id=115, 362.35374pt x 175.65625pt>
File: 16_1x16DEMUX_34.png Graphic file (type png)
<use 16_1x16DEMUX_34.png>
Package pdftex.def Info: 16_1x16DEMUX_34.png  used on input line 248.
(pdftex.def)             Requested size: 217.41393pt x 105.39455pt.
[12 <./16_1x8DEMUX_4.png> <./16_1x16DEMUX_1.png> <./16_1x16DEMUX_2.png>]
[13 <./16_1x16DEMUX_31.png> <./16_1x16DEMUX_32.png> <./16_1x16DEMUX_33.png> <./
16_1x16DEMUX_34.png>]
<16_1x16DEMUX_4.png, id=130, 806.01125pt x 512.91624pt>
File: 16_1x16DEMUX_4.png Graphic file (type png)
<use 16_1x16DEMUX_4.png>
Package pdftex.def Info: 16_1x16DEMUX_4.png  used on input line 255.
(pdftex.def)             Requested size: 322.39879pt x 205.16286pt.
<decoder3x8_1.png, id=131, 518.93875pt x 256.96pt>
File: decoder3x8_1.png Graphic file (type png)
<use decoder3x8_1.png>
Package pdftex.def Info: decoder3x8_1.png  used on input line 261.
(pdftex.def)             Requested size: 259.46873pt x 128.47968pt.
 [14 <./16_1x16DEMUX_4.png> <./decoder3x8_1.png>]
<decoder3x8_2.png, id=137, 869.2475pt x 513.92pt>
File: decoder3x8_2.png Graphic file (type png)
<use decoder3x8_2.png>
Package pdftex.def Info: decoder3x8_2.png  used on input line 268.
(pdftex.def)             Requested size: 347.69284pt x 205.56435pt.
<decoder3x8_3.png, id=138, 1017.8025pt x 243.91125pt>
File: decoder3x8_3.png Graphic file (type png)
<use decoder3x8_3.png>
Package pdftex.def Info: decoder3x8_3.png  used on input line 274.
(pdftex.def)             Requested size: 407.1138pt x 97.56276pt.

Overfull \hbox (47.1138pt too wide) in paragraph at lines 274--275
 [][] 
 []

[15 <./decoder3x8_2.png> <./decoder3x8_3.png>]
<decoder3x8_4.png, id=144, 961.5925pt x 340.27126pt>
File: decoder3x8_4.png Graphic file (type png)
<use decoder3x8_4.png>
Package pdftex.def Info: decoder3x8_4.png  used on input line 281.
(pdftex.def)             Requested size: 384.63019pt x 136.10608pt.

Overfull \hbox (24.63019pt too wide) in paragraph at lines 281--282
 [][] 
 []

<encoder8x3_1.png, id=145, 327.2225pt x 412.54124pt>
File: encoder8x3_1.png Graphic file (type png)
<use encoder8x3_1.png>
Package pdftex.def Info: encoder8x3_1.png  used on input line 286.
(pdftex.def)             Requested size: 163.61084pt x 206.27011pt.
[16 <./decoder3x8_4.png> <./encoder8x3_1.png>]
<encoder8x3_2.png, id=151, 875.27pt x 617.30624pt>
File: encoder8x3_2.png Graphic file (type png)
<use encoder8x3_2.png>
Package pdftex.def Info: encoder8x3_2.png  used on input line 293.
(pdftex.def)             Requested size: 350.10179pt x 246.91812pt.
<encoder8x3_3.png, id=152, 1010.77625pt x 260.975pt>
File: encoder8x3_3.png Graphic file (type png)
<use encoder8x3_3.png>
Package pdftex.def Info: encoder8x3_3.png  used on input line 299.
(pdftex.def)             Requested size: 404.30333pt x 104.38815pt.

Overfull \hbox (44.30333pt too wide) in paragraph at lines 299--300
 [][] 
 []

[17 <./encoder8x3_2.png> <./encoder8x3_3.png>]
<encoder8x3_4.png, id=158, 765.86125pt x 350.30875pt>
File: encoder8x3_4.png Graphic file (type png)
<use encoder8x3_4.png>
Package pdftex.def Info: encoder8x3_4.png  used on input line 306.
(pdftex.def)             Requested size: 306.33907pt x 140.12102pt.
<barrel_diagram.png, id=159, 889.3225pt x 288.07625pt>
File: barrel_diagram.png Graphic file (type png)
<use barrel_diagram.png>
Package pdftex.def Info: barrel_diagram.png  used on input line 311.
(pdftex.def)             Requested size: 266.7988pt x 86.42354pt.
<barrelshifter_11.png, id=160, 376.40625pt x 154.5775pt>
File: barrelshifter_11.png Graphic file (type png)
<use barrelshifter_11.png>
Package pdftex.def Info: barrelshifter_11.png  used on input line 317.
(pdftex.def)             Requested size: 150.55983pt x 61.8299pt.
 [18 <./encoder8x3_4.png> <./barrel_diagram.png> <./barrelshifter_11.png>]
<barrelshifter_12.png, id=167, 281.05pt x 155.58125pt>
File: barrelshifter_12.png Graphic file (type png)
<use barrelshifter_12.png>
Package pdftex.def Info: barrelshifter_12.png  used on input line 324.
(pdftex.def)             Requested size: 140.52464pt x 77.79042pt.
<barrelshifter_1.png, id=168, 755.82375pt x 419.5675pt>
File: barrelshifter_1.png Graphic file (type png)
<use barrelshifter_1.png>
Package pdftex.def Info: barrelshifter_1.png  used on input line 330.
(pdftex.def)             Requested size: 302.32414pt x 167.82402pt.
 [19 <./barrelshifter_12.png> <./barrelshifter_1.png>]
<barrelshifter_2.png, id=175, 721.69624pt x 512.91624pt>
File: barrelshifter_2.png Graphic file (type png)
<use barrelshifter_2.png>
Package pdftex.def Info: barrelshifter_2.png  used on input line 337.
(pdftex.def)             Requested size: 288.67339pt x 205.16286pt.
<barrelshifter_3.png, id=176, 948.54375pt x 114.4275pt>
File: barrelshifter_3.png Graphic file (type png)
<use barrelshifter_3.png>
Package pdftex.def Info: barrelshifter_3.png  used on input line 343.
(pdftex.def)             Requested size: 379.41077pt x 45.77019pt.

Overfull \hbox (19.41077pt too wide) in paragraph at lines 343--344
 [][] 
 []

[20 <./barrelshifter_2.png> <./barrelshifter_3.png>]
<barrelshifter_4.png, id=182, 832.10875pt x 826.08624pt>
File: barrelshifter_4.png Graphic file (type png)
<use barrelshifter_4.png>
Package pdftex.def Info: barrelshifter_4.png  used on input line 350.
(pdftex.def)             Requested size: 332.8376pt x 330.42863pt.
 [21 <./barrelshifter_4.png>] (./ARCH_Lab_02.aux) ) 
Here is how much of TeX's memory you used:
 3215 strings out of 494880
 43873 string characters out of 6179601
 93819 words of memory out of 5000000
 6437 multiletter control sequences out of 15000+600000
 10776 words of font info for 41 fonts, out of 8000000 for 9000
 36 hyphenation exceptions out of 8191
 41i,7n,25p,831b,458s stack positions out of 5000i,500n,10000p,200000b,80000s
</usr/share/texlive/texmf-di
st/fonts/type1/public/amsfonts/cm/cmmi10.pfb></usr/share/texlive/texmf-dist/fon
ts/type1/public/amsfonts/cm/cmmi8.pfb></usr/share/texlive/texmf-dist/fonts/type
1/public/amsfonts/cm/cmr10.pfb></usr/share/texlive/texmf-dist/fonts/type1/publi
c/amsfonts/cm/cmr12.pfb></usr/share/texlive/texmf-dist/fonts/type1/public/amsfo
nts/cm/cmr17.pfb></usr/share/texlive/texmf-dist/fonts/type1/public/amsfonts/cm/
cmr8.pfb></usr/share/texlive/texmf-dist/fonts/type1/public/amsfonts/cm/cmsy10.p
fb></usr/share/texlive/texmf-dist/fonts/type1/public/amsfonts/cm/cmsy8.pfb></us
r/share/texlive/texmf-dist/fonts/type1/public/amsfonts/cm/cmti10.pfb>
Output written on ARCH_Lab_02.pdf (21 pages, 1227590 bytes).
PDF statistics:
 217 PDF objects out of 1000 (max. 8388607)
 76 compressed objects within 1 object stream
 0 named destinations out of 1000 (max. 500000)
 271 words of extra memory for PDF output out of 10000 (max. 10000000)

